{
  "RSpec": {
    "coverage": {
      "/home/helpful-jest-9571/tic-tac-toe-rb-ruby-apply-000/lib/tic_tac_toe.rb": [
        null,
        1,
        null,
        null,
        null,
        null,
        null,
        null,
        null,
        null,
        null,
        1,
        5,
        5,
        5,
        5,
        5,
        null,
        null,
        1,
        3,
        3,
        null,
        null,
        1,
        3,
        null,
        null,
        1,
        4,
        null,
        null,
        1,
        1,
        0,
        null,
        0,
        null,
        null
      ]
    },
    "timestamp": 1589234601
  }
}
