{
  "RSpec": {
    "coverage": {
      "/home/helpful-jest-9571/tic-tac-toe-rb-ruby-apply-000/lib/tic_tac_toe.rb": [
        null,
        1,
        null,
        null,
        null,
        null,
        null,
        null,
        null,
        null,
        null,
        1,
        7,
        7,
        7,
        7,
        7,
        null,
        null,
        1,
        6,
        6,
        null,
        null,
        1,
        5,
        null,
        null,
        1,
        4,
        null,
        null,
        1,
        6,
        3,
        null,
        3,
        null,
        null,
        null,
        1,
        3,
        null,
        3,
        3,
        3,
        null,
        3,
        2,
        2,
        null,
        1,
        null,
        null,
        null,
        1,
        5,
        5,
        45,
        5,
        null,
        null,
        5,
        null,
        null,
        1,
        4,
        4,
        4,
        null,
        0,
        null,
        null,
        null,
        1,
        16,
        113,
        113,
        113,
        null,
        113,
        113,
        113,
        null,
        113,
        null,
        113,
        8,
        null,
        null,
        8,
        null,
        null,
        1,
        6,
        33,
        null,
        6,
        null,
        null,
        1,
        7,
        2,
        null,
        5,
        null,
        null,
        null,
        1,
        3,
        2,
        null,
        1,
        null,
        null,
        null,
        1,
        3,
        null,
        null,
        2,
        2,
        2,
        null,
        null
      ]
    },
    "timestamp": 1589235569
  }
}
